2025-12-14 21:04:08.227 [JavaFX Application Thread] INFO  org.Main.Main - Opened planet entry with id: 1
2025-12-14 21:06:36.662 [JavaFX Application Thread] INFO  org.Main.Main - Opened person entry with id: 5
2025-12-14 21:06:38.111 [JavaFX Application Thread] INFO  org.Main.Main - Opened planet entry with id: 3
2025-12-14 21:07:00.395 [JavaFX Application Thread] INFO  org.Main.Main - Searching for items with searing entry: hello
2025-12-14 21:07:31.679 [JavaFX Application Thread] INFO  org.Main.Main - Starting SW API Client
2025-12-14 21:10:47.227 [JavaFX Application Thread] INFO  org.Main.Main - Starting SW API Client
2025-12-14 21:10:56.727 [JavaFX Application Thread] INFO  org.Main.Main - Opened planet entry with id: 2
2025-12-14 21:10:56.727 [JavaFX Application Thread] INFO  org.Main.UtilityClasses.SwapiClient - Fetching planet json for ID: 2
2025-12-14 21:12:01.530 [JavaFX Application Thread] INFO  org.Main.Main - Starting SW API Client
2025-12-14 21:12:04.724 [JavaFX Application Thread] INFO  org.Main.UtilityClasses.SwapiClient - Fetching planet json for ID: 2
2025-12-14 21:12:09.662 [JavaFX Application Thread] INFO  org.Main.Main - Opened planet entry with id: 2
2025-12-14 21:13:37.591 [JavaFX Application Thread] INFO  org.Main.Main - Starting SW API Client
2025-12-14 21:13:42.952 [JavaFX Application Thread] INFO  org.Main.UtilityClasses.SwapiClient - Fetching starships json for ID: 3
2025-12-14 21:13:43.267 [JavaFX Application Thread] INFO  org.Main.Main - Opened starship entry with id: 3
2025-12-14 21:33:32.175 [JavaFX Application Thread] INFO  org.Main.Main - Запуск SW API Client
2025-12-14 21:33:38.353 [JavaFX Application Thread] INFO  org.Main.UtilityClasses.SwapiClient - Fetching starships json with API for ID: 2
2025-12-14 21:33:38.702 [JavaFX Application Thread] INFO  org.Main.Main - Открыт корабль с id: 2
2025-12-14 21:46:22.442 [JavaFX Application Thread] INFO  org.Main.Main - Запуск SW API Client
2025-12-14 21:46:28.015 [JavaFX Application Thread] INFO  org.Main.UtilityClasses.SwapiClient - Получение данных планеты с ID: 3
2025-12-14 21:46:28.326 [JavaFX Application Thread] INFO  org.Main.Main - Открыта планета с id: 3
2025-12-14 21:53:13.625 [JavaFX Application Thread] INFO  org.Main.Main - Запуск SW API Client
2025-12-14 21:53:17.170 [JavaFX Application Thread] INFO  org.Main.UtilityClasses.SwapiClient - Получение данных планеты с ID: 2
2025-12-14 21:53:17.485 [JavaFX Application Thread] INFO  org.Main.Main - Открыта планета с id: 2
2025-12-14 22:03:22.446 [JavaFX Application Thread] INFO  org.Main.Main - Запуск SW API Client
2025-12-14 22:03:28.057 [JavaFX Application Thread] INFO  org.Main.UtilityClasses.SwapiClient - Получение данных корабля с ID: 3
2025-12-14 22:03:28.363 [JavaFX Application Thread] INFO  org.Main.Main - Открыт корабль с id: 3
2025-12-14 22:09:57.833 [JavaFX Application Thread] INFO  org.Main.Main - Запуск SW API Client
2025-12-14 22:10:00.338 [JavaFX Application Thread] INFO  org.Main.UtilityClasses.SwapiClient - Получение данных планеты с ID: 3
2025-12-14 22:10:00.728 [JavaFX Application Thread] INFO  org.Main.Main - Открыта планета с id: 3
2025-12-14 22:10:03.348 [JavaFX Application Thread] INFO  org.Main.Main - Поиск элементов по запросу: hello
2025-12-14 22:26:09.546 [JavaFX Application Thread] INFO  org.Main.Main - Запуск SW API Client
2025-12-14 22:26:15.518 [JavaFX Application Thread] INFO  org.Main.Main - Поиск элементов по запросу: 
2025-12-14 22:52:49.864 [JavaFX Application Thread] INFO  org.Main.Main - Запуск SW API Client
2025-12-14 22:53:16.945 [JavaFX Application Thread] INFO  org.Main.UtilityClasses.SwapiClient - Получение данных корабля с ID: 3
2025-12-14 22:53:17.289 [JavaFX Application Thread] INFO  org.Main.Main - Открыт корабль с id: 3
2025-12-14 22:55:55.975 [JavaFX Application Thread] INFO  org.Main.Main - Запуск SW API Client
2025-12-15 20:00:38.410 [JavaFX Application Thread] INFO  org.Main.Main - Запуск SW API Client
2025-12-15 20:00:46.688 [JavaFX Application Thread] INFO  org.Main.Main - Запуск SW API Client
2025-12-15 20:00:49.532 [JavaFX Application Thread] INFO  org.Main.UtilityClasses.SwapiClient - Получение данных планеты с ID: 3
2025-12-15 20:00:49.945 [JavaFX Application Thread] INFO  org.Main.Main - Открыта планета с id: 3
2025-12-16 16:54:00.381 [JavaFX Application Thread] INFO  org.Main.Main - Запуск SW API Client
2025-12-16 16:54:03.248 [JavaFX Application Thread] INFO  org.Main.UtilityClasses.SwapiClient - Получение данных планеты с ID: 3
2025-12-16 16:54:03.403 [JavaFX Application Thread] ERROR org.Main.Main - Ошибка загрузки планеты ID 3: Ошибка ввода-вывода для: planets/3
2025-12-16 16:54:09.702 [JavaFX Application Thread] INFO  org.Main.UtilityClasses.SwapiClient - Получение данных персонажа с ID: 14
2025-12-16 16:54:09.779 [JavaFX Application Thread] ERROR org.Main.Main - Ошибка загрузки персонажа ID 14: Ошибка ввода-вывода для: people/14
2025-12-16 16:54:09.779 [JavaFX Application Thread] INFO  org.Main.UtilityClasses.SwapiClient - Получение данных планеты с ID: 3
2025-12-16 16:54:09.859 [JavaFX Application Thread] ERROR org.Main.Main - Ошибка загрузки планеты ID 3: Ошибка ввода-вывода для: planets/3
2025-12-16 17:03:54.253 [JavaFX Application Thread] INFO  org.Main.Main - Запуск SW API Client
2025-12-16 17:03:57.307 [JavaFX Application Thread] INFO  org.Main.UtilityClasses.SwapiClient - Получение данных планеты с ID: 3
2025-12-16 17:03:57.456 [JavaFX Application Thread] ERROR org.Main.Main - Ошибка загрузки планеты ID 3: Ошибка ввода-вывода для: planets/3. Проверьте состояние API
2025-12-16 17:06:19.170 [JavaFX Application Thread] INFO  org.Main.Main - Запуск SW API Client
2025-12-16 17:06:22.283 [JavaFX Application Thread] INFO  org.Main.UtilityClasses.SwapiClient - Получение данных корабля с ID: 3
2025-12-16 17:06:22.427 [JavaFX Application Thread] ERROR org.Main.Main - Ошибка загрузки корабля ID 3: Ошибка ввода-вывода для: starships/3. Проверьте состояние API
2025-12-16 17:07:20.482 [JavaFX Application Thread] INFO  org.Main.Main - Запуск SW API Client
2025-12-16 17:07:23.487 [JavaFX Application Thread] INFO  org.Main.UtilityClasses.SwapiClient - Получение данных планеты с ID: 2
2025-12-16 17:07:23.641 [JavaFX Application Thread] ERROR org.Main.Main - Ошибка загрузки планеты ID 2: Ошибка ввода-вывода для: planets/2. Проверьте состояние API на https://swapi.dev
2025-12-17 20:14:08.188 [JavaFX Application Thread] INFO  org.Main.Main - Запуск SW API Client
2025-12-17 22:07:38.321 [JavaFX Application Thread] INFO  org.Main.Main - Запуск SW API Client
2025-12-17 22:07:47.280 [JavaFX Application Thread] INFO  org.Main.UtilityClasses.SwapiClient - Получение данных планеты с ID: 14
2025-12-17 22:07:47.521 [JavaFX Application Thread] ERROR org.Main.Main - Ошибка загрузки планеты ID 14: Ошибка ввода-вывода для: planets/14. Проверьте состояние API на https://swapi.dev
2025-12-17 22:41:48.703 [JavaFX Application Thread] INFO  org.Main.Main - Запуск SW API Client
2025-12-17 22:41:59.097 [JavaFX Application Thread] INFO  org.Main.Main - Поиск элементов по запросу: йода
2025-12-17 22:42:08.563 [JavaFX Application Thread] INFO  org.Main.Main - Поиск элементов по запросу: jabba
2025-12-17 22:42:43.806 [JavaFX Application Thread] INFO  org.Main.Main - Поиск элементов по запросу: джабба
2025-12-17 22:42:47.822 [JavaFX Application Thread] INFO  org.Main.Main - Поиск элементов по запросу: джабба
2025-12-17 22:42:53.630 [JavaFX Application Thread] INFO  org.Main.Main - Поиск элементов по запросу: джабба хатт
2025-12-17 22:45:28.277 [JavaFX Application Thread] INFO  org.Main.UtilityClasses.SwapiClient - Получение данных корабля с ID: 12
2025-12-17 22:45:28.450 [JavaFX Application Thread] ERROR org.Main.Main - Ошибка загрузки корабля ID 12: Ошибка ввода-вывода для: starships/12. Проверьте состояние API на https://swapi.dev
2025-12-17 22:45:33.275 [JavaFX Application Thread] INFO  org.Main.UtilityClasses.SwapiClient - Получение данных корабля с ID: 12
2025-12-17 22:45:33.379 [JavaFX Application Thread] ERROR org.Main.Main - Ошибка загрузки корабля ID 12: Ошибка ввода-вывода для: starships/12. Проверьте состояние API на https://swapi.dev
2025-12-17 22:48:32.465 [JavaFX Application Thread] INFO  org.Main.Main - Запуск SW API Client
2025-12-17 22:48:34.032 [JavaFX Application Thread] ERROR org.Main.Main - Ошибка при загрузке всех элементов: Unexpected character ('{' (code 123)): was expecting comma to separate Array entries
 at [Source: REDACTED (`StreamReadFeature.INCLUDE_SOURCE_IN_LOCATION` disabled); line: 63, column: 3]
2025-12-17 22:48:55.217 [JavaFX Application Thread] INFO  org.Main.Main - Запуск SW API Client
2025-12-17 22:48:56.719 [JavaFX Application Thread] ERROR org.Main.Main - Ошибка при загрузке всех элементов: Ошибка обработки элемента с id: 93525853
2025-12-17 22:49:05.382 [JavaFX Application Thread] ERROR org.Main.Main - Ошибка при загрузке всех элементов: Ошибка обработки элемента с id: 93525853
2025-12-17 22:50:43.564 [JavaFX Application Thread] INFO  org.Main.Main - Запуск SW API Client
2025-12-17 22:50:46.924 [JavaFX Application Thread] ERROR org.Main.Main - Ошибка при загрузке всех элементов: Unexpected character ('{' (code 123)): was expecting comma to separate Array entries
 at [Source: REDACTED (`StreamReadFeature.INCLUDE_SOURCE_IN_LOCATION` disabled); line: 63, column: 3]
2025-12-19 17:24:14.385 [JavaFX Application Thread] INFO  org.Main.Main - Запуск SW API Client
2025-12-19 17:24:17.283 [JavaFX Application Thread] INFO  org.Main.UtilityClasses.SwapiClient - Получение данных планеты с ID: 2
2025-12-19 17:24:18.060 [JavaFX Application Thread] INFO  org.Main.Main - Открыта планета с id: 2
2025-12-19 17:24:26.366 [JavaFX Application Thread] INFO  org.Main.UtilityClasses.SwapiClient - Получение данных планеты с ID: 2
2025-12-19 17:24:26.700 [JavaFX Application Thread] INFO  org.Main.Main - Открыта планета с id: 2
2025-12-19 17:24:27.983 [JavaFX Application Thread] INFO  org.Main.UtilityClasses.SwapiClient - Получение данных корабля с ID: 2
2025-12-19 17:24:28.214 [JavaFX Application Thread] INFO  org.Main.Main - Открыт корабль с id: 2
2025-12-19 17:25:32.648 [JavaFX Application Thread] INFO  org.Main.Main - Запуск SW API Client
2025-12-19 17:25:35.583 [JavaFX Application Thread] INFO  org.Main.UtilityClasses.SwapiClient - Получение данных планеты с ID: 2
2025-12-19 17:25:36.315 [JavaFX Application Thread] INFO  org.Main.Main - Открыта планета с id: 2
2025-12-19 17:25:42.077 [JavaFX Application Thread] INFO  org.Main.UtilityClasses.SwapiClient - Получение данных персонажа с ID: 5
2025-12-19 17:25:42.683 [JavaFX Application Thread] INFO  org.Main.Main - Открыт персонаж с id: 5
2025-12-19 17:25:43.529 [JavaFX Application Thread] INFO  org.Main.UtilityClasses.SwapiClient - Получение данных планеты с ID: 2
2025-12-19 17:25:43.757 [JavaFX Application Thread] INFO  org.Main.Main - Открыта планета с id: 2
2025-12-19 17:28:14.230 [JavaFX Application Thread] INFO  org.Main.Main - Запуск SW API Client
2025-12-19 17:28:18.164 [JavaFX Application Thread] INFO  org.Main.UtilityClasses.SwapiClient - Получение данных персонажа с ID: 1
2025-12-19 17:28:18.919 [JavaFX Application Thread] INFO  org.Main.Main - Открыт персонаж с id: 1
2025-12-19 17:32:57.911 [JavaFX Application Thread] INFO  org.Main.Main - Запуск SW API Client
2025-12-19 17:33:00.636 [JavaFX Application Thread] INFO  org.Main.UtilityClasses.SwapiClient - Получение данных планеты с ID: 3
2025-12-19 17:33:01.364 [JavaFX Application Thread] INFO  org.Main.Main - Открыта планета с id: 3
2025-12-19 17:33:04.538 [JavaFX Application Thread] INFO  org.Main.UtilityClasses.SwapiClient - Получение данных планеты с ID: 3
2025-12-19 17:33:04.882 [JavaFX Application Thread] INFO  org.Main.Main - Открыта планета с id: 3
2025-12-19 17:33:12.032 [JavaFX Application Thread] INFO  org.Main.UtilityClasses.SwapiClient - Получение данных корабля с ID: 2
2025-12-19 17:33:12.269 [JavaFX Application Thread] INFO  org.Main.Main - Открыт корабль с id: 2
2025-12-19 17:33:16.747 [JavaFX Application Thread] INFO  org.Main.UtilityClasses.SwapiClient - Получение данных персонажа с ID: 5
2025-12-19 17:33:17.386 [JavaFX Application Thread] INFO  org.Main.Main - Открыт персонаж с id: 5
2025-12-19 17:33:22.170 [JavaFX Application Thread] INFO  org.Main.UtilityClasses.SwapiClient - Получение данных планеты с ID: 3
2025-12-19 17:33:22.406 [JavaFX Application Thread] INFO  org.Main.Main - Открыта планета с id: 3
2025-12-19 17:33:23.461 [JavaFX Application Thread] INFO  org.Main.UtilityClasses.SwapiClient - Получение данных корабля с ID: 2
2025-12-19 17:33:24.295 [JavaFX Application Thread] INFO  org.Main.Main - Открыт корабль с id: 2
